<?xml version="1.0" encoding="UTF-8"?>
<!-- Generated by org.testng.reporters.JUnitReportReporter -->
<testsuite skipped="11" hostname="C02VD330HTD6" name="com.databricks.mlflow.client.MultiThreadedTest" tests="12" failures="0" timestamp="24 Aug 2018 21:52:23 GMT" time="0.002" errors="1">
  <testcase name="beforeClass" time="0.002" classname="com.databricks.mlflow.client.MultiThreadedTest">
    <error type="org.apache.http.conn.HttpHostConnectException" message="Connect to localhost:5001 [localhost/127.0.0.1] failed: Connection refused (Connection refused)">
      <![CDATA[org.apache.http.conn.HttpHostConnectException: Connect to localhost:5001 [localhost/127.0.0.1] failed: Connection refused (Connection refused)
at org.apache.http.impl.conn.DefaultHttpClientConnectionOperator.connect(DefaultHttpClientConnectionOperator.java:159)
at org.apache.http.impl.conn.PoolingHttpClientConnectionManager.connect(PoolingHttpClientConnectionManager.java:373)
at org.apache.http.impl.execchain.MainClientExec.establishRoute(MainClientExec.java:394)
at org.apache.http.impl.execchain.MainClientExec.execute(MainClientExec.java:237)
at org.apache.http.impl.execchain.ProtocolExec.execute(ProtocolExec.java:185)
at org.apache.http.impl.execchain.RetryExec.execute(RetryExec.java:89)
at org.apache.http.impl.execchain.RedirectExec.execute(RedirectExec.java:110)
at org.apache.http.impl.client.InternalHttpClient.doExecute(InternalHttpClient.java:185)
at org.apache.http.impl.client.CloseableHttpClient.execute(CloseableHttpClient.java:83)
at org.apache.http.impl.client.CloseableHttpClient.execute(CloseableHttpClient.java:108)
at org.apache.http.impl.client.CloseableHttpClient.execute(CloseableHttpClient.java:56)
at com.databricks.mlflow.client.HttpCaller.post(HttpCaller.java:87)
at com.databricks.mlflow.client.ApiClient.post(ApiClient.java:117)
at com.databricks.mlflow.client.ApiClient.createExperiment(ApiClient.java:42)
at com.databricks.mlflow.client.MultiThreadedTest.beforeClass(MultiThreadedTest.java:20)
at sun.reflect.NativeMethodAccessorImpl.invoke0(Native Method)
at sun.reflect.NativeMethodAccessorImpl.invoke(NativeMethodAccessorImpl.java:62)
at sun.reflect.DelegatingMethodAccessorImpl.invoke(DelegatingMethodAccessorImpl.java:43)
at java.lang.reflect.Method.invoke(Method.java:498)
at org.testng.internal.MethodInvocationHelper.invokeMethod(MethodInvocationHelper.java:124)
at org.testng.internal.MethodInvocationHelper.invokeMethodConsideringTimeout(MethodInvocationHelper.java:59)
at org.testng.internal.Invoker.invokeConfigurationMethod(Invoker.java:458)
at org.testng.internal.Invoker.invokeConfigurations(Invoker.java:222)
at org.testng.internal.Invoker.invokeConfigurations(Invoker.java:142)
at org.testng.internal.TestMethodWorker.invokeBeforeClassMethods(TestMethodWorker.java:168)
at org.testng.internal.TestMethodWorker.run(TestMethodWorker.java:105)
at org.testng.TestRunner.privateRun(TestRunner.java:648)
at org.testng.TestRunner.run(TestRunner.java:505)
at org.testng.SuiteRunner.runTest(SuiteRunner.java:455)
at org.testng.SuiteRunner.runSequentially(SuiteRunner.java:450)
at org.testng.SuiteRunner.privateRun(SuiteRunner.java:415)
at org.testng.SuiteRunner.run(SuiteRunner.java:364)
at org.testng.SuiteRunnerWorker.runSuite(SuiteRunnerWorker.java:52)
at org.testng.SuiteRunnerWorker.run(SuiteRunnerWorker.java:84)
at org.testng.TestNG.runSuitesSequentially(TestNG.java:1208)
at org.testng.TestNG.runSuitesLocally(TestNG.java:1137)
at org.testng.TestNG.runSuites(TestNG.java:1049)
at org.testng.TestNG.run(TestNG.java:1017)
at org.apache.maven.surefire.testng.TestNGExecutor.run(TestNGExecutor.java:77)
at org.apache.maven.surefire.testng.TestNGDirectoryTestSuite.executeMulti(TestNGDirectoryTestSuite.java:159)
at org.apache.maven.surefire.testng.TestNGDirectoryTestSuite.execute(TestNGDirectoryTestSuite.java:99)
at org.apache.maven.surefire.testng.TestNGProvider.invoke(TestNGProvider.java:106)
at sun.reflect.NativeMethodAccessorImpl.invoke0(Native Method)
at sun.reflect.NativeMethodAccessorImpl.invoke(NativeMethodAccessorImpl.java:62)
at sun.reflect.DelegatingMethodAccessorImpl.invoke(DelegatingMethodAccessorImpl.java:43)
at java.lang.reflect.Method.invoke(Method.java:498)
at org.apache.maven.surefire.util.ReflectionUtils.invokeMethodWithArray(ReflectionUtils.java:189)
at org.apache.maven.surefire.booter.ProviderFactory$ProviderProxy.invoke(ProviderFactory.java:165)
at org.apache.maven.surefire.booter.ProviderFactory.invokeProvider(ProviderFactory.java:85)
at org.apache.maven.surefire.booter.ForkedBooter.runSuitesInProcess(ForkedBooter.java:115)
at org.apache.maven.surefire.booter.ForkedBooter.main(ForkedBooter.java:75)
Caused by: java.net.ConnectException: Connection refused (Connection refused)
at java.net.PlainSocketImpl.socketConnect(Native Method)
at java.net.AbstractPlainSocketImpl.doConnect(AbstractPlainSocketImpl.java:350)
at java.net.AbstractPlainSocketImpl.connectToAddress(AbstractPlainSocketImpl.java:206)
at java.net.AbstractPlainSocketImpl.connect(AbstractPlainSocketImpl.java:188)
at java.net.SocksSocketImpl.connect(SocksSocketImpl.java:392)
at java.net.Socket.connect(Socket.java:589)
at org.apache.http.conn.socket.PlainConnectionSocketFactory.connectSocket(PlainConnectionSocketFactory.java:75)
at org.apache.http.impl.conn.DefaultHttpClientConnectionOperator.connect(DefaultHttpClientConnectionOperator.java:142)
... 50 more
]]>
    </error>
  </testcase> <!-- beforeClass -->
  <testcase name="testRunsInParallel" time="0.000" classname="com.databricks.mlflow.client.MultiThreadedTest">
    <skipped/>
  </testcase> <!-- testRunsInParallel -->
  <testcase name="testRunsInParallel" time="0.000" classname="com.databricks.mlflow.client.MultiThreadedTest">
    <skipped/>
  </testcase> <!-- testRunsInParallel -->
  <testcase name="testRunsInParallel" time="0.000" classname="com.databricks.mlflow.client.MultiThreadedTest">
    <skipped/>
  </testcase> <!-- testRunsInParallel -->
  <testcase name="testRunsInParallel" time="0.000" classname="com.databricks.mlflow.client.MultiThreadedTest">
    <skipped/>
  </testcase> <!-- testRunsInParallel -->
  <testcase name="testRunsInParallel" time="0.000" classname="com.databricks.mlflow.client.MultiThreadedTest">
    <skipped/>
  </testcase> <!-- testRunsInParallel -->
  <testcase name="testRunsInParallel" time="0.000" classname="com.databricks.mlflow.client.MultiThreadedTest">
    <skipped/>
  </testcase> <!-- testRunsInParallel -->
  <testcase name="testRunsInParallel" time="0.000" classname="com.databricks.mlflow.client.MultiThreadedTest">
    <skipped/>
  </testcase> <!-- testRunsInParallel -->
  <testcase name="checkNumberOfRunIds" time="0.000" classname="com.databricks.mlflow.client.MultiThreadedTest">
    <skipped/>
  </testcase> <!-- checkNumberOfRunIds -->
  <testcase name="testRunsInParallel" time="0.000" classname="com.databricks.mlflow.client.MultiThreadedTest">
    <skipped/>
  </testcase> <!-- testRunsInParallel -->
  <testcase name="testRunsInParallel" time="0.000" classname="com.databricks.mlflow.client.MultiThreadedTest">
    <skipped/>
  </testcase> <!-- testRunsInParallel -->
  <testcase name="testRunsInParallel" time="0.000" classname="com.databricks.mlflow.client.MultiThreadedTest">
    <skipped/>
  </testcase> <!-- testRunsInParallel -->
</testsuite> <!-- com.databricks.mlflow.client.MultiThreadedTest -->
